==============================================================================
Assingment                                                                    
==============================================================================
Assingment.Assingment IF                                                      
==============================================================================
Tc-001 Score Is More Than Or Equal 90                                 A
| PASS |
------------------------------------------------------------------------------
Tc-002 Score Is More Than Or Equal 80                                 B
| PASS |
------------------------------------------------------------------------------
Tc-003 Score Is More Than Or Equal 70                                 C
| PASS |
------------------------------------------------------------------------------
Tc-004 Score Is More Than Or Equal 60                                 D
| PASS |
------------------------------------------------------------------------------
Tc-005 Score Is Lesser Than 60                                        F
| PASS |
------------------------------------------------------------------------------
Assingment.Assingment IF                                              | PASS |
5 tests, 5 passed, 0 failed
==============================================================================
Assingment                                                            | PASS |
5 tests, 5 passed, 0 failed
==============================================================================
Output:  C:\Users\numpt\Desktop\robot\Assingment\pabot_results\25\output.xml
