==============================================================================
Assingment                                                                    
==============================================================================
Assingment.Assignment24                                                       
==============================================================================
TC-001 Parallel Test 1                                                Running Test 1
| PASS |
------------------------------------------------------------------------------
TC-002 Parallel Test 2                                                Running Test 2
| PASS |
------------------------------------------------------------------------------
TC-003 Parallel Test 3                                                Running Test 3
| PASS |
------------------------------------------------------------------------------
Assingment.Assignment24                                               | PASS |
3 tests, 3 passed, 0 failed
==============================================================================
Assingment                                                            | PASS |
3 tests, 3 passed, 0 failed
==============================================================================
Output:  C:\Users\numpt\Desktop\robot\Assingment\pabot_results\23\output.xml
