==============================================================================
Assingment                                                                    
==============================================================================
Assingment.Assignment18                                                       
==============================================================================
Suite is starting
TC-001                                                                Running Test 1
| PASS |
------------------------------------------------------------------------------
TC-002                                                                Running Test 2
| PASS |
------------------------------------------------------------------------------
Suite is ending
Assingment.Assignment18                                               | PASS |
2 tests, 2 passed, 0 failed
==============================================================================
Assingment                                                            | PASS |
2 tests, 2 passed, 0 failed
==============================================================================
Output:  C:\Users\numpt\Desktop\robot\Assingment\pabot_results\17\output.xml
