==============================================================================
Assingment                                                                    
==============================================================================
Assingment.Assignment22                                                       
==============================================================================
TC-001 Test With Tag 1                                                This is a smoke test
| PASS |
------------------------------------------------------------------------------
TC-002 Test With Tag 2                                                This is a regression test
| PASS |
------------------------------------------------------------------------------
TC-003 Test With Multiple Tags                                        This is a smoke and critical test
| PASS |
------------------------------------------------------------------------------
Assingment.Assignment22                                               | PASS |
3 tests, 3 passed, 0 failed
==============================================================================
Assingment                                                            | PASS |
3 tests, 3 passed, 0 failed
==============================================================================
Output:  C:\Users\numpt\Desktop\robot\Assingment\pabot_results\21\output.xml
